2020-06-20 10:47:25,317 [Worker-0: Loading available Gradle versions] INFO  o.e.b.c.i.u.g.PublishedGradleVersions - Gradle version information cache is out-of-date. Trying to update.
2020-06-20 11:03:29,427 [Worker-8: Import Getting Started Content] INFO  o.e.m.c.i.l.LifecycleMappingFactory - Using org.eclipse.m2e.jdt.JarLifecycleMapping lifecycle mapping for MavenProject: com.daviestudos:Java-Spring-Clean_Arch-Game_Store:0.0.1-SNAPSHOT @ C:\temp\Java-Spring-Clean_Arch-Game_Store\Java-Spring-Clean_Arch-Game_Store\pom.xml.
2020-06-20 11:03:32,949 [Worker-8: Import Getting Started Content] INFO  o.e.m.j.i.AbstractJavaProjectConfigurator - Adding source folder /Java-Spring-Clean_Arch-Game_Store/src/main/java
2020-06-20 11:03:32,950 [Worker-8: Import Getting Started Content] INFO  o.e.m.j.i.AbstractJavaProjectConfigurator - Adding resource folder /Java-Spring-Clean_Arch-Game_Store/src/main/resources
2020-06-20 11:03:32,971 [Worker-8: Import Getting Started Content] INFO  o.e.m.j.i.AbstractJavaProjectConfigurator - Adding resource folder /Java-Spring-Clean_Arch-Game_Store/src/main/resources
2020-06-20 11:03:32,986 [Worker-8: Import Getting Started Content] INFO  o.e.m.j.i.AbstractJavaProjectConfigurator - Adding source folder /Java-Spring-Clean_Arch-Game_Store/src/test/java
2020-06-20 11:03:35,521 [Worker-8: Import Getting Started Content] INFO  o.e.m.c.i.p.ProjectConfigurationManager - Imported and configured 1 project(s) in 10 sec
2020-06-20 11:03:35,524 [Worker-8: Import Getting Started Content] INFO  o.e.m.c.i.p.ProjectConfigurationManager - Update started
2020-06-20 11:03:36,101 [Worker-8: Import Getting Started Content] INFO  o.e.m.c.i.l.LifecycleMappingFactory - Using org.eclipse.m2e.jdt.JarLifecycleMapping lifecycle mapping for MavenProject: com.daviestudos:Java-Spring-Clean_Arch-Game_Store:0.0.1-SNAPSHOT @ C:\temp\Java-Spring-Clean_Arch-Game_Store\Java-Spring-Clean_Arch-Game_Store\pom.xml.
2020-06-20 11:03:36,734 [Worker-8: Import Getting Started Content] INFO  o.e.m.j.i.AbstractJavaProjectConfigurator - Adding source folder /Java-Spring-Clean_Arch-Game_Store/src/main/java
2020-06-20 11:03:36,734 [Worker-8: Import Getting Started Content] INFO  o.e.m.j.i.AbstractJavaProjectConfigurator - Adding resource folder /Java-Spring-Clean_Arch-Game_Store/src/main/resources
2020-06-20 11:03:36,734 [Worker-8: Import Getting Started Content] INFO  o.e.m.j.i.AbstractJavaProjectConfigurator - Adding resource folder /Java-Spring-Clean_Arch-Game_Store/src/main/resources
2020-06-20 11:03:36,735 [Worker-8: Import Getting Started Content] INFO  o.e.m.j.i.AbstractJavaProjectConfigurator - Adding source folder /Java-Spring-Clean_Arch-Game_Store/src/test/java
2020-06-20 11:03:37,326 [Worker-8: Import Getting Started Content] INFO  o.e.m.c.i.p.ProjectConfigurationManager - Update completed: 1 sec
2020-06-20 11:03:38,807 [Worker-11: Building] INFO  o.e.m.c.i.embedder.EclipseLogger - Using 'UTF-8' encoding to copy filtered resources.
2020-06-20 11:03:38,817 [Worker-11: Building] INFO  o.e.m.c.i.embedder.EclipseLogger - Copying 1 resource
2020-06-20 11:03:38,841 [Worker-11: Building] INFO  o.e.m.c.i.embedder.EclipseLogger - Copying 0 resource
2020-06-20 11:03:38,849 [Worker-11: Building] INFO  o.e.m.c.i.embedder.EclipseLogger - Using 'UTF-8' encoding to copy filtered resources.
2020-06-20 11:03:38,850 [Worker-11: Building] INFO  o.e.m.c.i.embedder.EclipseLogger - skip non existing resourceDirectory C:\temp\Java-Spring-Clean_Arch-Game_Store\Java-Spring-Clean_Arch-Game_Store\src\test\resources
2020-06-20 11:05:38,329 [Worker-16: Building] INFO  o.e.m.c.i.embedder.EclipseLogger - Using 'UTF-8' encoding to copy filtered resources.
2020-06-20 11:05:38,330 [Worker-16: Building] INFO  o.e.m.c.i.embedder.EclipseLogger - skip non existing resourceDirectory C:\temp\Java-Spring-Clean_Arch-Game_Store\Java-Spring-Clean_Arch-Game_Store\src\main\resources
2020-06-20 11:05:38,330 [Worker-16: Building] INFO  o.e.m.c.i.embedder.EclipseLogger - skip non existing resourceDirectory C:\temp\Java-Spring-Clean_Arch-Game_Store\Java-Spring-Clean_Arch-Game_Store\src\main\resources
2020-06-20 11:05:38,332 [Worker-16: Building] INFO  o.e.m.c.i.embedder.EclipseLogger - Using 'UTF-8' encoding to copy filtered resources.
2020-06-20 11:05:38,332 [Worker-16: Building] INFO  o.e.m.c.i.embedder.EclipseLogger - skip non existing resourceDirectory C:\temp\Java-Spring-Clean_Arch-Game_Store\Java-Spring-Clean_Arch-Game_Store\src\test\resources
